<?xml version="1.0" encoding="UTF-8"?>
<!-- Generated by org.testng.reporters.JUnitReportReporter -->
<testsuite hostname="CDWILT004" failures="0" tests="4" name="runnerFish004.CQ9FishGame" time="105.111" errors="0" timestamp="2022-09-30T14:27:01 SGT" skipped="0">
  <testcase classname="runnerFish004.CQ9FishGame" name="goToSite" time="3.608"/>
  <system-out/>
  <testcase classname="runnerFish004.CQ9FishGame" name="login" time="5.565"/>
  <system-out/>
  <testcase classname="runnerFish004.CQ9FishGame" name="selectCategory" time="1.543"/>
  <system-out/>
  <testcase classname="runnerFish004.CQ9FishGame" name="selectCQ9VendorAndGame" time="94.395"/>
  <system-out/>
</testsuite> <!-- runnerFish004.CQ9FishGame -->
