<?xml version="1.0" encoding="UTF-8"?>
<!-- Generated by org.testng.reporters.JUnitReportReporter -->
<testsuite hostname="CDWILT004" failures="0" tests="4"
	name="runners.FishGame" time="33.375" errors="0"
	timestamp="2022-09-20T17:46:19 SGT" skipped="0">
	<testcase classname="runners.FishGame" name="goToSite"
		time="5.848" />
	<system-out />
	<testcase classname="runners.FishGame" name="login"
		time="8.916" />
	<system-out />
	<testcase classname="runners.FishGame" name="selectCategory"
		time="1.180" />
	<system-out />
	<testcase classname="runners.FishGame" name="selectVendor"
		time="17.431" />
	<system-out />
</testsuite> <!-- runners.FishGame -->
