<?xml version="1.0" encoding="UTF-8"?>
<!-- Generated by org.testng.reporters.JUnitReportReporter -->
<testsuite hostname="CDWILT004" failures="0" tests="4" name="runners.PokerGame" time="14.937" errors="0" timestamp="2022-09-19T13:34:15 SGT" skipped="0">
  <testcase classname="runners.PokerGame" name="goToSite" time="1.443"/>
  <system-out/>
  <testcase classname="runners.PokerGame" name="login" time="7.793"/>
  <system-out/>
  <testcase classname="runners.PokerGame" name="selectCategory" time="1.153"/>
  <system-out/>
  <testcase classname="runners.PokerGame" name="selectVendor" time="4.548"/>
  <system-out/>
</testsuite> <!-- runners.PokerGame -->
