<?xml version="1.0" encoding="UTF-8"?>
<!-- Generated by org.testng.reporters.JUnitReportReporter -->
<testsuite hostname="CDWILT004" failures="0" tests="4" name="runners.SlotsGame" time="24.231" errors="0" timestamp="2022-09-19T15:09:51 SGT" skipped="0">
  <testcase classname="runners.SlotsGame" name="goToSite" time="1.440"/>
  <system-out/>
  <testcase classname="runners.SlotsGame" name="login" time="7.374"/>
  <system-out/>
  <testcase classname="runners.SlotsGame" name="selectCategory" time="0.885"/>
  <system-out/>
  <testcase classname="runners.SlotsGame" name="selectVendor" time="14.532"/>
  <system-out/>
</testsuite> <!-- runners.SlotsGame -->
