<?xml version="1.0" encoding="UTF-8"?>
<!-- Generated by org.testng.reporters.JUnitReportReporter -->
<testsuite hostname="CDWILT004" failures="0" tests="4"
	name="runners.LotteryGame" time="15.015" errors="0"
	timestamp="2022-09-20T14:34:44 SGT" skipped="0">
	<testcase classname="runners.LotteryGame" name="goToSite"
		time="1.391" />
	<system-out />
	<testcase classname="runners.LotteryGame" name="login"
		time="7.113" />
	<system-out />
	<testcase classname="runners.LotteryGame"
		name="selectCategory" time="0.950" />
	<system-out />
	<testcase classname="runners.LotteryGame" name="selectVendor"
		time="5.561" />
	<system-out />
</testsuite> <!-- runners.LotteryGame -->
