<?xml version="1.0" encoding="UTF-8"?>
<!-- Generated by org.testng.reporters.JUnitReportReporter -->
<testsuite hostname="CDWILT004" failures="0" tests="4" name="runners.LiveGame" time="11.166" errors="0" timestamp="2022-09-19T13:23:46 SGT" skipped="0">
  <testcase classname="runners.LiveGame" name="goToSite" time="1.400"/>
  <system-out/>
  <testcase classname="runners.LiveGame" name="login" time="8.760"/>
  <system-out/>
  <testcase classname="runners.LiveGame" name="selectCategory" time="0.991"/>
  <system-out/>
  <testcase classname="runners.LiveGame" name="selectVendor" time="0.015"/>
  <system-out/>
</testsuite> <!-- runners.LiveGame -->
