<?xml version="1.0" encoding="UTF-8"?>
<!-- Generated by org.testng.reporters.JUnitReportReporter -->
<testsuite hostname="DESKTOP-7UGQK8A" failures="0" tests="4" name="runnerSlots002.CQ9SlotsGame" time="119.498" errors="0" timestamp="2022-09-26T12:12:36 SGT" skipped="0">
  <testcase classname="runnerSlots002.CQ9SlotsGame" name="goToSite" time="3.242"/>
  <system-out/>
  <testcase classname="runnerSlots002.CQ9SlotsGame" name="login" time="4.902"/>
  <system-out/>
  <testcase classname="runnerSlots002.CQ9SlotsGame" name="selectCategory" time="2.994"/>
  <system-out/>
  <testcase classname="runnerSlots002.CQ9SlotsGame" name="selectCQ9VendorAndGame" time="108.360"/>
  <system-out/>
</testsuite> <!-- runnerSlots002.CQ9SlotsGame -->
