<?xml version="1.0" encoding="UTF-8"?>
<!-- Generated by org.testng.reporters.JUnitReportReporter -->
<testsuite hostname="CDWILT004" failures="0" tests="4" name="runnerLive003.BBINLiveGame" time="75.520" errors="0" timestamp="2022-09-30T15:44:27 SGT" skipped="0">
  <testcase classname="runnerLive003.BBINLiveGame" name="goToSite" time="2.960"/>
  <system-out/>
  <testcase classname="runnerLive003.BBINLiveGame" name="login" time="5.643"/>
  <system-out/>
  <testcase classname="runnerLive003.BBINLiveGame" name="selectCategory" time="1.540"/>
  <system-out/>
  <testcase classname="runnerLive003.BBINLiveGame" name="selectBBINVendorAndGame" time="65.377"/>
  <system-out/>
</testsuite> <!-- runnerLive003.BBINLiveGame -->
