<?xml version="1.0" encoding="UTF-8"?>
<!-- Generated by org.testng.reporters.JUnitReportReporter -->
<testsuite hostname="CDWILT004" failures="0" tests="4" name="runnerSlots002.CQ9SlotsGame" time="144.693" errors="0" timestamp="2022-09-30T12:19:17 SGT" skipped="0">
  <testcase classname="runnerSlots002.CQ9SlotsGame" name="goToSite" time="3.040"/>
  <system-out/>
  <testcase classname="runnerSlots002.CQ9SlotsGame" name="login" time="4.723"/>
  <system-out/>
  <testcase classname="runnerSlots002.CQ9SlotsGame" name="selectCategory" time="2.072"/>
  <system-out/>
  <testcase classname="runnerSlots002.CQ9SlotsGame" name="selectCQ9VendorAndGame" time="134.858"/>
  <system-out/>
</testsuite> <!-- runnerSlots002.CQ9SlotsGame -->
