<?xml version="1.0" encoding="UTF-8"?>
<!-- Generated by org.testng.reporters.JUnitReportReporter -->
<testsuite hostname="CDWILT004" failures="0" tests="6"
	name="baseUtilities.TestIterateWindow" time="12.268" errors="0"
	timestamp="2022-09-22T15:50:40 SGT" skipped="0">
	<testcase classname="baseUtilities.TestIterateWindow"
		name="toSite" time="2.957" />
	<system-out />
	<testcase classname="baseUtilities.TestIterateWindow"
		name="openNewWindow" time="1.608" />
	<system-out />
	<testcase classname="baseUtilities.TestIterateWindow"
		name="doSomething" time="3.083" />
	<system-out />
	<testcase classname="baseUtilities.TestIterateWindow"
		name="openNewWindow2" time="3.066" />
	<system-out />
	<testcase classname="baseUtilities.TestIterateWindow"
		name="closeBrowsers" time="1.545" />
	<system-out />
	<testcase classname="baseUtilities.TestIterateWindow"
		name="backToDefault" time="0.009" />
	<system-out />
</testsuite> <!-- baseUtilities.TestIterateWindow -->
