<?xml version="1.0" encoding="UTF-8"?>
<!-- Generated by org.testng.reporters.JUnitReportReporter -->
<testsuite hostname="CDWILT004" failures="0" tests="4"
	name="runners.PokerGame" time="13.976" errors="0"
	timestamp="2022-09-20T14:34:44 SGT" skipped="0">
	<testcase classname="runners.PokerGame" name="goToSite"
		time="1.211" />
	<system-out />
	<testcase classname="runners.PokerGame" name="login"
		time="6.902" />
	<system-out />
	<testcase classname="runners.PokerGame" name="selectCategory"
		time="1.077" />
	<system-out />
	<testcase classname="runners.PokerGame" name="selectVendor"
		time="4.786" />
	<system-out />
</testsuite> <!-- runners.PokerGame -->
