<?xml version="1.0" encoding="UTF-8"?>
<!-- Generated by org.testng.reporters.JUnitReportReporter -->
<testsuite hostname="CDWILT004" failures="0" tests="4"
	name="runners.SportsGame" time="14.325" errors="0"
	timestamp="2022-09-20T14:34:44 SGT" skipped="0">
	<testcase classname="runners.SportsGame" name="goToSite"
		time="1.891" />
	<system-out />
	<testcase classname="runners.SportsGame" name="login"
		time="7.314" />
	<system-out />
	<testcase classname="runners.SportsGame" name="selectCategory"
		time="0.911" />
	<system-out />
	<testcase classname="runners.SportsGame" name="selectVendor"
		time="4.209" />
	<system-out />
</testsuite> <!-- runners.SportsGame -->
