<?xml version="1.0" encoding="UTF-8"?>
<!-- Generated by org.testng.reporters.JUnitReportReporter -->
<testsuite hostname="CDWILT004" failures="0" tests="4"
	name="runners.TestSikuli" time="6.418" errors="0"
	timestamp="2022-09-22T10:57:56 SGT" skipped="0">
	<testcase classname="runners.TestSikuli" name="goToSite"
		time="1.410" />
	<system-out />
	<testcase classname="runners.TestSikuli" name="login"
		time="3.814" />
	<system-out />
	<testcase classname="runners.TestSikuli" name="selectCategory"
		time="0.932" />
	<system-out />
	<testcase classname="runners.TestSikuli" name="selectVendor"
		time="0.262" />
	<system-out />
</testsuite> <!-- runners.TestSikuli -->
