<?xml version="1.0" encoding="UTF-8"?>
<!-- Generated by org.testng.reporters.JUnitReportReporter -->
<testsuite hostname="DESKTOP-7UGQK8A" failures="0" tests="4" name="runnerFish004.CQ9FishGame" time="183.240" errors="1" timestamp="2022-09-27T16:33:34 SGT" skipped="0">
  <testcase classname="runnerFish004.CQ9FishGame" name="goToSite" time="3.148"/>
  <system-out/>
  <testcase classname="runnerFish004.CQ9FishGame" name="login" time="4.806"/>
  <system-out/>
  <testcase classname="runnerFish004.CQ9FishGame" name="selectCategory" time="2.534"/>
  <system-out/>
  <testcase classname="runnerFish004.CQ9FishGame" name="selectCQ9VendorAndGame" time="172.752">
    <error message="C:\Eclipse-Workspace\AutomationWEBGameTestingInNewFramework.\src\test\resources\imageBasedSearch\FishHero.sikuli\heroFishGameOption.png: (422x444) seen at (525, 590) with 0.74 in R[0,0 2048x1152]@S(0)" type="org.sikuli.script.FindFailed">
      <![CDATA[FindFailed: C:\Eclipse-Workspace\AutomationWEBGameTestingInNewFramework.\src\test\resources\imageBasedSearch\FishHero.sikuli\heroFishGameOption.png: (422x444) seen at (525, 590) with 0.74 in R[0,0 2048x1152]@S(0)
  Line 2226, in file Region.java

at org.sikuli.script.Region.wait(Region.java:2226)
at functions.PerformBetting.clickHeroFishOption(PerformBetting.java:93)
at functions.CategoryVendorAndGame.selectFishGame(CategoryVendorAndGame.java:139)
at runnerFish004.CQ9FishGame.selectCQ9VendorAndGame(CQ9FishGame.java:70)
at java.base/jdk.internal.reflect.NativeMethodAccessorImpl.invoke0(Native Method)
at java.base/jdk.internal.reflect.NativeMethodAccessorImpl.invoke(NativeMethodAccessorImpl.java:77)
at java.base/jdk.internal.reflect.DelegatingMethodAccessorImpl.invoke(DelegatingMethodAccessorImpl.java:43)
at java.base/java.lang.reflect.Method.invoke(Method.java:568)
at org.testng.internal.MethodInvocationHelper.invokeMethod(MethodInvocationHelper.java:133)
at org.testng.internal.TestInvoker.invokeMethod(TestInvoker.java:598)
at org.testng.internal.TestInvoker.invokeTestMethod(TestInvoker.java:173)
at org.testng.internal.MethodRunner.runInSequence(MethodRunner.java:46)
at org.testng.internal.TestInvoker$MethodInvocationAgent.invoke(TestInvoker.java:824)
at org.testng.internal.TestInvoker.invokeTestMethods(TestInvoker.java:146)
at org.testng.internal.TestMethodWorker.invokeTestMethods(TestMethodWorker.java:146)
at org.testng.internal.TestMethodWorker.run(TestMethodWorker.java:128)
at java.base/java.util.ArrayList.forEach(ArrayList.java:1511)
at org.testng.TestRunner.privateRun(TestRunner.java:794)
at org.testng.TestRunner.run(TestRunner.java:596)
at org.testng.SuiteRunner.runTest(SuiteRunner.java:377)
at org.testng.SuiteRunner.runSequentially(SuiteRunner.java:371)
at org.testng.SuiteRunner.privateRun(SuiteRunner.java:332)
at org.testng.SuiteRunner.run(SuiteRunner.java:276)
at org.testng.SuiteRunnerWorker.runSuite(SuiteRunnerWorker.java:53)
at org.testng.SuiteRunnerWorker.run(SuiteRunnerWorker.java:96)
at org.testng.TestNG.runSuitesSequentially(TestNG.java:1212)
at org.testng.TestNG.runSuitesLocally(TestNG.java:1134)
at org.testng.TestNG.runSuites(TestNG.java:1063)
at org.testng.TestNG.run(TestNG.java:1031)
at org.testng.remote.AbstractRemoteTestNG.run(AbstractRemoteTestNG.java:115)
at org.testng.remote.RemoteTestNG.initAndRun(RemoteTestNG.java:251)
at org.testng.remote.RemoteTestNG.main(RemoteTestNG.java:77)
]]>
    </error>
  </testcase> <!-- selectCQ9VendorAndGame -->
  <system-out/>
</testsuite> <!-- runnerFish004.CQ9FishGame -->
