<?xml version="1.0" encoding="UTF-8"?>
<!-- Generated by org.testng.reporters.JUnitReportReporter -->
<testsuite hostname="CDWILT004" failures="0" tests="4"
	name="runners.LiveGame" time="9.258" errors="0"
	timestamp="2022-09-20T14:34:44 SGT" skipped="0">
	<testcase classname="runners.LiveGame" name="goToSite"
		time="1.374" />
	<system-out />
	<testcase classname="runners.LiveGame" name="login"
		time="6.967" />
	<system-out />
	<testcase classname="runners.LiveGame" name="selectCategory"
		time="0.914" />
	<system-out />
	<testcase classname="runners.LiveGame" name="selectVendor"
		time="0.003" />
	<system-out />
</testsuite> <!-- runners.LiveGame -->
