<?xml version="1.0" encoding="UTF-8"?>
<!-- Generated by org.testng.reporters.JUnitReportReporter -->
<testsuite hostname="CDWILT004" failures="0" tests="4" name="runnerLive003.BBINLiveGame" time="84.991" errors="0" timestamp="2022-10-04T11:07:47 SGT" skipped="0">
  <testcase classname="runnerLive003.BBINLiveGame" name="goToSite" time="3.358"/>
  <system-out/>
  <testcase classname="runnerLive003.BBINLiveGame" name="login" time="5.298"/>
  <system-out/>
  <testcase classname="runnerLive003.BBINLiveGame" name="selectCategory" time="1.488"/>
  <system-out/>
  <testcase classname="runnerLive003.BBINLiveGame" name="selectBBINVendorAndGame" time="74.847"/>
  <system-out/>
</testsuite> <!-- runnerLive003.BBINLiveGame -->
