<?xml version="1.0" encoding="UTF-8"?>
<!-- Generated by org.testng.reporters.JUnitReportReporter -->
<testsuite hostname="CDWILT004" failures="0" tests="4"
	name="runners.ESportsGame" time="25.311" errors="0"
	timestamp="2022-09-20T14:34:44 SGT" skipped="0">
	<testcase classname="runners.ESportsGame" name="goToSite"
		time="1.647" />
	<system-out />
	<testcase classname="runners.ESportsGame" name="login"
		time="7.498" />
	<system-out />
	<testcase classname="runners.ESportsGame"
		name="selectCategory" time="1.148" />
	<system-out />
	<testcase classname="runners.ESportsGame" name="selectVendor"
		time="15.018" />
	<system-out />
</testsuite> <!-- runners.ESportsGame -->
