<?xml version="1.0" encoding="UTF-8"?>
<!-- Generated by org.testng.reporters.JUnitReportReporter -->
<testsuite hostname="CDWILT004" failures="0" tests="4" name="runners.SlotsGame" time="71.327" errors="0" timestamp="2022-09-19T15:49:56 SGT" skipped="0">
  <testcase classname="runners.SlotsGame" name="goToSite" time="1.325"/>
  <system-out/>
  <testcase classname="runners.SlotsGame" name="login" time="7.082"/>
  <system-out/>
  <testcase classname="runners.SlotsGame" name="selectCategory" time="0.846"/>
  <system-out/>
  <testcase classname="runners.SlotsGame" name="selectVendor" time="62.074"/>
  <system-out/>
</testsuite> <!-- runners.SlotsGame -->
